[17:24:22] [main/INFO] (FabricLoader/GameProvider) Loading Minecraft 1.19.4 with Fabric Loader 0.14.21
[17:24:22] [ForkJoinPool-1-worker-1/WARN] (FabricLoader/Metadata) Mod phasmocraft uses the version ${version} which isn't compatible with Loader's extended semantic version format (Could not parse version number component '${version}'!), SemVer is recommended for reliably evaluating dependencies and prioritizing newer version
[17:24:22] [main/INFO] (FabricLoader) Loading 46 mods:
	- fabric-api 0.84.0+1.19.4
	- fabric-api-base 0.4.27+1e9487d2f4
	- fabric-api-lookup-api-v1 1.6.28+504944c8f4
	- fabric-biome-api-v1 13.0.9+10ce000ff4
	- fabric-block-api-v1 1.0.8+e022e5d1f4
	- fabric-blockrenderlayer-v1 1.1.37+10ce000ff4
	- fabric-client-tags-api-v1 1.0.18+10ce000ff4
	- fabric-command-api-v2 2.2.9+10ce000ff4
	- fabric-content-registries-v0 3.5.12+10ce000ff4
	- fabric-convention-tags-v1 1.5.2+10ce000ff4
	- fabric-crash-report-info-v1 0.2.17+aeb40ebef4
	- fabric-data-generation-api-v1 11.4.3+10ce000ff4
	- fabric-dimensions-v1 2.1.48+10ce000ff4
	- fabric-entity-events-v1 1.5.16+10ce000ff4
	- fabric-events-interaction-v0 0.6.0+10ce000ff4
	- fabric-game-rule-api-v1 1.0.35+a1ccd7bff4
	- fabric-gametest-api-v1 1.2.7+10ce000ff4
	- fabric-item-api-v1 2.1.20+10ce000ff4
	- fabric-item-group-api-v1 3.0.8+10ce000ff4
	- fabric-key-binding-api-v1 1.0.35+504944c8f4
	- fabric-lifecycle-events-v1 2.2.18+10ce000ff4
	- fabric-loot-api-v2 1.1.30+10ce000ff4
	- fabric-message-api-v1 5.1.4+10ce000ff4
	- fabric-mining-level-api-v1 2.1.42+10ce000ff4
	- fabric-models-v0 0.3.33+10ce000ff4
	- fabric-networking-api-v1 1.3.4+10ce000ff4
	- fabric-object-builder-api-v1 7.0.6+10ce000ff4
	- fabric-particles-v1 1.0.26+10ce000ff4
	- fabric-recipe-api-v1 1.0.11+10ce000ff4
	- fabric-registry-sync-v0 2.2.3+10ce000ff4
	- fabric-renderer-api-v1 2.4.0+c6bbc80df4
	- fabric-renderer-indigo 1.4.0+c6bbc80df4
	- fabric-rendering-data-attachment-v1 0.3.31+10ce000ff4
	- fabric-rendering-fluids-v1 3.0.24+10ce000ff4
	- fabric-rendering-v1 2.1.4+10ce000ff4
	- fabric-resource-conditions-api-v1 2.3.3+10ce000ff4
	- fabric-resource-loader-v0 0.11.5+5ade3c38f4
	- fabric-screen-api-v1 1.0.48+10ce000ff4
	- fabric-screen-handler-api-v1 1.3.23+10ce000ff4
	- fabric-sound-api-v1 1.0.11+10ce000ff4
	- fabric-transfer-api-v1 3.2.1+10ce000ff4
	- fabric-transitive-access-wideners-v1 3.2.0+10ce000ff4
	- fabricloader 0.14.21
	- java 17
	- minecraft 1.19.4
	- phasmocraft ${version}
[17:24:23] [main/INFO] (FabricLoader/Mixin) SpongePowered MIXIN Subsystem Version=0.8.5 Source=file:/C:/Users/Kot/.gradle/caches/modules-2/files-2.1/net.fabricmc/sponge-mixin/0.12.5+mixin.0.8.5/8d31fb97c3e0cd7c8dad3441851c523bcfae6d8e/sponge-mixin-0.12.5+mixin.0.8.5.jar Service=Knot/Fabric Env=CLIENT
[17:24:23] [main/INFO] (FabricLoader/Mixin) Loaded Fabric development mappings for mixin remapper!
[17:24:23] [main/INFO] (FabricLoader/Mixin) Compatibility level set to JAVA_16
[17:24:23] [main/INFO] (FabricLoader/Mixin) Compatibility level set to JAVA_17
[17:24:35] [Datafixer Bootstrap/INFO] (Minecraft) 180 Datafixer optimizations took 249 milliseconds
[17:24:39] [Render thread/INFO] (Minecraft) Environment: authHost='https://authserver.mojang.com', accountsHost='https://api.mojang.com', sessionHost='https://sessionserver.mojang.com', servicesHost='https://api.minecraftservices.com', name='PROD'
[17:24:40] [Render thread/ERROR] (Minecraft) Failed to verify authentication
com.mojang.authlib.exceptions.InvalidCredentialsException: Status: 401
	at com.mojang.authlib.exceptions.MinecraftClientHttpException.toAuthenticationException(MinecraftClientHttpException.java:56) ~[authlib-3.18.38.jar:?]
	at com.mojang.authlib.yggdrasil.YggdrasilUserApiService.fetchProperties(YggdrasilUserApiService.java:156) ~[authlib-3.18.38.jar:?]
	at com.mojang.authlib.yggdrasil.YggdrasilUserApiService.<init>(YggdrasilUserApiService.java:55) ~[authlib-3.18.38.jar:?]
	at com.mojang.authlib.yggdrasil.YggdrasilAuthenticationService.createUserApiService(YggdrasilAuthenticationService.java:161) ~[authlib-3.18.38.jar:?]
	at net.minecraft.client.MinecraftClient.createUserApiService(MinecraftClient.java:724) ~[minecraft-clientonly-project-root-1.19.4-net.fabricmc.yarn.1_19_4.1.19.4+build.2-v2.jar:?]
	at net.minecraft.client.MinecraftClient.<init>(MinecraftClient.java:518) ~[minecraft-clientonly-project-root-1.19.4-net.fabricmc.yarn.1_19_4.1.19.4+build.2-v2.jar:?]
	at net.minecraft.client.main.Main.main(Main.java:178) ~[minecraft-clientonly-project-root-1.19.4-net.fabricmc.yarn.1_19_4.1.19.4+build.2-v2.jar:?]
	at net.fabricmc.loader.impl.game.minecraft.MinecraftGameProvider.launch(MinecraftGameProvider.java:468) ~[fabric-loader-0.14.21.jar:?]
	at net.fabricmc.loader.impl.launch.knot.Knot.launch(Knot.java:74) ~[fabric-loader-0.14.21.jar:?]
	at net.fabricmc.loader.impl.launch.knot.KnotClient.main(KnotClient.java:23) ~[fabric-loader-0.14.21.jar:?]
	at net.fabricmc.devlaunchinjector.Main.main(Main.java:86) ~[dev-launch-injector-0.2.1+build.8.jar:?]
Caused by: com.mojang.authlib.exceptions.MinecraftClientHttpException: Status: 401
	at com.mojang.authlib.minecraft.client.MinecraftClient.readInputStream(MinecraftClient.java:85) ~[authlib-3.18.38.jar:?]
	at com.mojang.authlib.minecraft.client.MinecraftClient.get(MinecraftClient.java:48) ~[authlib-3.18.38.jar:?]
	at com.mojang.authlib.yggdrasil.YggdrasilUserApiService.fetchProperties(YggdrasilUserApiService.java:129) ~[authlib-3.18.38.jar:?]
	... 9 more
[17:24:40] [Render thread/INFO] (Minecraft) Setting user: Player381
[17:24:40] [Render thread/INFO] (phasmocraft) Hello Fabric world!
[17:24:40] [Render thread/INFO] (Indigo) [Indigo] Registering Indigo renderer!
[17:24:41] [Render thread/INFO] (Minecraft) Backend library: LWJGL version 3.3.1 SNAPSHOT
[17:24:43] [Render thread/INFO] (Minecraft) Reloading ResourceManager: vanilla, fabric (fabric-object-builder-api-v1, fabric-gametest-api-v1, fabric-screen-handler-api-v1, fabric-game-rule-api-v1, fabric-command-api-v2, fabric-crash-report-info-v1, fabric-transitive-access-wideners-v1, fabric-resource-conditions-api-v1, fabric-api-lookup-api-v1, fabric-message-api-v1, fabric-transfer-api-v1, fabric-networking-api-v1, fabric-resource-loader-v0, fabric-block-api-v1, fabric-models-v0, fabric-renderer-indigo, fabric-rendering-v1, fabric-lifecycle-events-v1, phasmocraft, fabric-loot-api-v2, fabric-recipe-api-v1, fabric-particles-v1, fabric-renderer-api-v1, fabric-rendering-data-attachment-v1, fabric-sound-api-v1, fabric-content-registries-v0, fabric-rendering-fluids-v1, fabric-blockrenderlayer-v1, fabric-events-interaction-v0, fabric-convention-tags-v1, fabric-item-api-v1, fabric-client-tags-api-v1, fabricloader, fabric-api-base, fabric-api, fabric-biome-api-v1, fabric-entity-events-v1, fabric-key-binding-api-v1, fabric-registry-sync-v0, fabric-data-generation-api-v1, fabric-mining-level-api-v1, fabric-dimensions-v1, fabric-screen-api-v1, fabric-item-group-api-v1)
[17:24:44] [Realms Notification Availability checker #1/INFO] (Minecraft) Could not authorize you against Realms server: Invalid session id
[17:24:46] [Render thread/WARN] (Minecraft) Missing sound for event: minecraft:item.brush.brushing
[17:24:46] [Render thread/WARN] (Minecraft) Missing sound for event: minecraft:item.brush.brush_sand_completed
[17:24:46] [Render thread/WARN] (Minecraft) Missing sound for event: minecraft:item.goat_horn.play
[17:24:46] [Render thread/WARN] (Minecraft) Missing sound for event: minecraft:entity.goat.screaming.horn_break
[17:24:46] [Render thread/WARN] (Minecraft) Missing sound for event: minecraft:music.overworld.cherry_grove
[17:24:46] [Render thread/INFO] (Minecraft) OpenAL initialized on device OpenAL Soft on Динамики (USB Audio Device)
[17:24:46] [Render thread/INFO] (Minecraft) Sound engine started
[17:24:46] [Render thread/INFO] (Minecraft) Created: 1024x512x4 minecraft:textures/atlas/blocks.png-atlas
[17:24:46] [Render thread/INFO] (Minecraft) Created: 256x256x4 minecraft:textures/atlas/signs.png-atlas
[17:24:46] [Render thread/INFO] (Minecraft) Created: 512x512x4 minecraft:textures/atlas/banner_patterns.png-atlas
[17:24:46] [Render thread/INFO] (Minecraft) Created: 512x512x4 minecraft:textures/atlas/shield_patterns.png-atlas
[17:24:46] [Render thread/INFO] (Minecraft) Created: 1024x1024x4 minecraft:textures/atlas/armor_trims.png-atlas
[17:24:46] [Render thread/INFO] (Minecraft) Created: 256x256x4 minecraft:textures/atlas/chest.png-atlas
[17:24:46] [Render thread/INFO] (Minecraft) Created: 64x64x4 minecraft:textures/atlas/decorated_pot.png-atlas
[17:24:46] [Render thread/INFO] (Minecraft) Created: 512x256x4 minecraft:textures/atlas/beds.png-atlas
[17:24:46] [Render thread/INFO] (Minecraft) Created: 512x256x4 minecraft:textures/atlas/shulker_boxes.png-atlas
[17:24:47] [Render thread/WARN] (Minecraft) Shader rendertype_entity_translucent_emissive could not find sampler named Sampler2 in the specified shader program.
[17:24:47] [Render thread/INFO] (Minecraft) Created: 256x256x0 minecraft:textures/atlas/particles.png-atlas
[17:24:47] [Render thread/INFO] (Minecraft) Created: 256x256x0 minecraft:textures/atlas/paintings.png-atlas
[17:24:47] [Render thread/INFO] (Minecraft) Created: 128x128x0 minecraft:textures/atlas/mob_effects.png-atlas
[17:25:03] [Render thread/INFO] (Minecraft) Loaded 7 recipes
[17:25:04] [Render thread/INFO] (Minecraft) Loaded 1179 advancements
[17:25:05] [Render thread/INFO] (BiomeModificationImpl) Applied 0 biome modifications to 0 of 63 new biomes in 3.084 ms
[17:25:05] [Server thread/INFO] (Minecraft) Starting integrated minecraft server version 1.19.4
[17:25:05] [Server thread/INFO] (Minecraft) Generating keypair
[17:25:06] [Server thread/INFO] (Minecraft) Preparing start region for dimension minecraft:overworld
[17:25:08] [Render thread/INFO] (Minecraft) Подготовка области возрождения: 0%
[17:25:08] [Render thread/INFO] (Minecraft) Подготовка области возрождения: 0%
[17:25:08] [Render thread/INFO] (Minecraft) Подготовка области возрождения: 0%
[17:25:08] [Render thread/INFO] (Minecraft) Подготовка области возрождения: 0%
[17:25:08] [Render thread/INFO] (Minecraft) Подготовка области возрождения: 0%
[17:25:08] [Render thread/INFO] (Minecraft) Подготовка области возрождения: 0%
[17:25:09] [Render thread/INFO] (Minecraft) Подготовка области возрождения: 1%
[17:25:09] [Render thread/INFO] (Minecraft) Подготовка области возрождения: 24%
[17:25:10] [Render thread/INFO] (Minecraft) Подготовка области возрождения: 79%
[17:25:10] [Render thread/INFO] (Minecraft) Time elapsed: 4264 ms
[17:25:10] [Server thread/INFO] (Minecraft) Changing view distance to 12, from 10
[17:25:10] [Server thread/INFO] (Minecraft) Changing simulation distance to 12, from 0
[17:25:12] [Server thread/INFO] (Minecraft) Player381[local:E:9e4e75f2] logged in with entity id 18 at (29.44202296746244, -53.37635459492972, 133.17027525508763)
[17:25:12] [Server thread/INFO] (Minecraft) Player381 присоединился к игре
[17:25:13] [Render thread/INFO] (Minecraft) Loaded 2 advancements
[17:25:28] [Server thread/INFO] (Minecraft) Saving and pausing game...
[17:25:28] [Server thread/INFO] (Minecraft) Saving chunks for level 'ServerLevel[Новый мир]'/minecraft:overworld
[17:25:28] [Server thread/INFO] (Minecraft) Saving chunks for level 'ServerLevel[Новый мир]'/minecraft:the_nether
[17:25:28] [Server thread/INFO] (Minecraft) Saving chunks for level 'ServerLevel[Новый мир]'/minecraft:the_end
[17:25:47] [Server thread/INFO] (Minecraft) Saving and pausing game...
[17:25:47] [Server thread/INFO] (Minecraft) Saving chunks for level 'ServerLevel[Новый мир]'/minecraft:overworld
[17:25:47] [Server thread/INFO] (Minecraft) Saving chunks for level 'ServerLevel[Новый мир]'/minecraft:the_nether
[17:25:47] [Server thread/INFO] (Minecraft) Saving chunks for level 'ServerLevel[Новый мир]'/minecraft:the_end
[17:26:00] [Server thread/INFO] (Minecraft) Saving and pausing game...
[17:26:00] [Server thread/INFO] (Minecraft) Saving chunks for level 'ServerLevel[Новый мир]'/minecraft:overworld
[17:26:00] [Server thread/INFO] (Minecraft) Saving chunks for level 'ServerLevel[Новый мир]'/minecraft:the_nether
[17:26:00] [Server thread/INFO] (Minecraft) Saving chunks for level 'ServerLevel[Новый мир]'/minecraft:the_end
[17:27:55] [Server thread/INFO] (Minecraft) Saving and pausing game...
[17:27:55] [Server thread/INFO] (Minecraft) Saving chunks for level 'ServerLevel[Новый мир]'/minecraft:overworld
[17:27:55] [Server thread/INFO] (Minecraft) Saving chunks for level 'ServerLevel[Новый мир]'/minecraft:the_nether
[17:27:55] [Server thread/INFO] (Minecraft) Saving chunks for level 'ServerLevel[Новый мир]'/minecraft:the_end
[17:28:10] [Server thread/INFO] (Minecraft) [Not Secure] <Player381> OH SHIT THAT'S SO FIRE
[17:28:10] [Render thread/INFO] (Minecraft) [CHAT] <Player381> OH SHIT THAT'S SO FIRE
[17:28:15] [Server thread/INFO] (Minecraft) Saving and pausing game...
[17:28:15] [Server thread/INFO] (Minecraft) Saving chunks for level 'ServerLevel[Новый мир]'/minecraft:overworld
[17:28:16] [Server thread/INFO] (Minecraft) Saving chunks for level 'ServerLevel[Новый мир]'/minecraft:the_nether
[17:28:16] [Server thread/INFO] (Minecraft) Saving chunks for level 'ServerLevel[Новый мир]'/minecraft:the_end
[17:28:35] [Server thread/INFO] (Minecraft) Saving and pausing game...
[17:28:35] [Server thread/INFO] (Minecraft) Saving chunks for level 'ServerLevel[Новый мир]'/minecraft:overworld
[17:28:35] [Server thread/INFO] (Minecraft) Saving chunks for level 'ServerLevel[Новый мир]'/minecraft:the_nether
[17:28:35] [Server thread/INFO] (Minecraft) Saving chunks for level 'ServerLevel[Новый мир]'/minecraft:the_end
[17:30:12] [Server thread/INFO] (Minecraft) Saving and pausing game...
[17:30:12] [Server thread/INFO] (Minecraft) Saving chunks for level 'ServerLevel[Новый мир]'/minecraft:overworld
[17:30:12] [Server thread/INFO] (Minecraft) Saving chunks for level 'ServerLevel[Новый мир]'/minecraft:the_nether
[17:30:12] [Server thread/INFO] (Minecraft) Saving chunks for level 'ServerLevel[Новый мир]'/minecraft:the_end
[18:34:53] [Server thread/INFO] (Minecraft) Saving and pausing game...
[18:34:53] [Server thread/INFO] (Minecraft) Saving chunks for level 'ServerLevel[Новый мир]'/minecraft:overworld
[18:34:53] [Server thread/INFO] (Minecraft) Saving chunks for level 'ServerLevel[Новый мир]'/minecraft:the_nether
[18:34:53] [Server thread/INFO] (Minecraft) Saving chunks for level 'ServerLevel[Новый мир]'/minecraft:the_end
[18:35:31] [Thread-16/INFO] (Minecraft) OpenGL debug message: id=1280, source=API, type=ERROR, severity=HIGH, message='GL_INVALID_ENUM error generated.'
[18:35:39] [Server thread/INFO] (Minecraft) Saving and pausing game...
[18:35:39] [Server thread/INFO] (Minecraft) Saving chunks for level 'ServerLevel[Новый мир]'/minecraft:overworld
[18:35:39] [Server thread/INFO] (Minecraft) Saving chunks for level 'ServerLevel[Новый мир]'/minecraft:the_nether
[18:35:39] [Server thread/INFO] (Minecraft) Saving chunks for level 'ServerLevel[Новый мир]'/minecraft:the_end
[18:36:06] [Server thread/INFO] (Minecraft) Saving and pausing game...
[18:36:06] [Server thread/INFO] (Minecraft) Saving chunks for level 'ServerLevel[Новый мир]'/minecraft:overworld
[18:36:06] [Server thread/INFO] (Minecraft) Saving chunks for level 'ServerLevel[Новый мир]'/minecraft:the_nether
[18:36:06] [Server thread/INFO] (Minecraft) Saving chunks for level 'ServerLevel[Новый мир]'/minecraft:the_end
[18:36:14] [Server thread/INFO] (Minecraft) Saving and pausing game...
[18:36:14] [Server thread/INFO] (Minecraft) Saving chunks for level 'ServerLevel[Новый мир]'/minecraft:overworld
[18:36:14] [Server thread/INFO] (Minecraft) Saving chunks for level 'ServerLevel[Новый мир]'/minecraft:the_nether
[18:36:14] [Server thread/INFO] (Minecraft) Saving chunks for level 'ServerLevel[Новый мир]'/minecraft:the_end
[18:37:51] [Server thread/INFO] (Minecraft) Saving and pausing game...
[18:37:51] [Server thread/INFO] (Minecraft) Saving chunks for level 'ServerLevel[Новый мир]'/minecraft:overworld
[18:37:51] [Server thread/INFO] (Minecraft) Saving chunks for level 'ServerLevel[Новый мир]'/minecraft:the_nether
[18:37:51] [Server thread/INFO] (Minecraft) Saving chunks for level 'ServerLevel[Новый мир]'/minecraft:the_end
[18:37:58] [Server thread/INFO] (Minecraft) Saving and pausing game...
[18:37:58] [Server thread/INFO] (Minecraft) Saving chunks for level 'ServerLevel[Новый мир]'/minecraft:overworld
[18:37:58] [Server thread/INFO] (Minecraft) Saving chunks for level 'ServerLevel[Новый мир]'/minecraft:the_nether
[18:37:58] [Server thread/INFO] (Minecraft) Saving chunks for level 'ServerLevel[Новый мир]'/minecraft:the_end
[18:38:09] [Server thread/INFO] (Minecraft) Saving and pausing game...
[18:38:09] [Server thread/INFO] (Minecraft) Saving chunks for level 'ServerLevel[Новый мир]'/minecraft:overworld
[18:38:09] [Server thread/INFO] (Minecraft) Saving chunks for level 'ServerLevel[Новый мир]'/minecraft:the_nether
[18:38:09] [Server thread/INFO] (Minecraft) Saving chunks for level 'ServerLevel[Новый мир]'/minecraft:the_end
[18:38:20] [Server thread/INFO] (Minecraft) Saving and pausing game...
[18:38:20] [Server thread/INFO] (Minecraft) Saving chunks for level 'ServerLevel[Новый мир]'/minecraft:overworld
[18:38:20] [Server thread/INFO] (Minecraft) Saving chunks for level 'ServerLevel[Новый мир]'/minecraft:the_nether
[18:38:20] [Server thread/INFO] (Minecraft) Saving chunks for level 'ServerLevel[Новый мир]'/minecraft:the_end
[18:45:34] [Server thread/INFO] (Minecraft) Player381 lost connection: Отключение
[18:45:34] [Server thread/INFO] (Minecraft) Player381 покинул игру
[18:45:34] [Server thread/INFO] (Minecraft) Stopping singleplayer server as player logged out
[18:45:34] [Server thread/INFO] (Minecraft) Stopping server
[18:45:34] [Server thread/INFO] (Minecraft) Saving players
[18:45:34] [Server thread/INFO] (Minecraft) Saving worlds
[18:45:35] [Server thread/INFO] (Minecraft) Saving chunks for level 'ServerLevel[Новый мир]'/minecraft:overworld
[18:45:35] [Server thread/INFO] (Minecraft) Saving chunks for level 'ServerLevel[Новый мир]'/minecraft:the_nether
[18:45:35] [Server thread/INFO] (Minecraft) Saving chunks for level 'ServerLevel[Новый мир]'/minecraft:the_end
[18:45:35] [Server thread/INFO] (Minecraft) ThreadedAnvilChunkStorage (Новый мир): All chunks are saved
[18:45:35] [Server thread/INFO] (Minecraft) ThreadedAnvilChunkStorage (DIM-1): All chunks are saved
[18:45:35] [Server thread/INFO] (Minecraft) ThreadedAnvilChunkStorage (DIM1): All chunks are saved
[18:45:35] [Server thread/INFO] (Minecraft) ThreadedAnvilChunkStorage: All dimensions are saved
[18:45:36] [Render thread/INFO] (Minecraft) Stopping!
